0 info it worked if it ends with ok
1 verbose cli [ 'C:\\Primo\\nodejs\\node.exe',
1 verbose cli   'C:\\Users\\vaishar\\AppData\\Roaming\\npm\\node_modules\\npm\\bin\\npm-cli.js',
1 verbose cli   'publish' ]
2 info using npm@3.3.12
3 info using node@v6.9.2
4 verbose publish [ '.' ]
5 silly cache add args [ '.', null ]
6 verbose cache add spec .
7 silly cache add parsed spec Result {
7 silly cache add   raw: '.',
7 silly cache add   scope: null,
7 silly cache add   name: null,
7 silly cache add   rawSpec: '.',
7 silly cache add   spec: 'C:\\Primo\\primo-explore-but-home-page',
7 silly cache add   type: 'directory' }
8 verbose addLocalDirectory C:\Users\vaishar\AppData\Roaming\npm-cache\primo-explore-but-home-page\0.3.1\package.tgz not in flight; packing
9 info lifecycle primo-explore-but-home-page@0.3.1~prepublish: primo-explore-but-home-page@0.3.1
10 silly lifecycle primo-explore-but-home-page@0.3.1~prepublish: no script for prepublish, continuing
11 verbose tar pack [ 'C:\\Users\\vaishar\\AppData\\Roaming\\npm-cache\\primo-explore-but-home-page\\0.3.1\\package.tgz',
11 verbose tar pack   'C:\\Primo\\primo-explore-but-home-page' ]
12 verbose tarball C:\Users\vaishar\AppData\Roaming\npm-cache\primo-explore-but-home-page\0.3.1\package.tgz
13 verbose folder C:\Primo\primo-explore-but-home-page
14 verbose addLocalTarball adding from inside cache C:\Users\vaishar\AppData\Roaming\npm-cache\primo-explore-but-home-page\0.3.1\package.tgz
15 silly cache afterAdd primo-explore-but-home-page@0.3.1
16 verbose afterAdd C:\Users\vaishar\AppData\Roaming\npm-cache\primo-explore-but-home-page\0.3.1\package\package.json not in flight; writing
17 verbose afterAdd C:\Users\vaishar\AppData\Roaming\npm-cache\primo-explore-but-home-page\0.3.1\package\package.json written
18 silly publish { name: 'primo-explore-but-home-page',
18 silly publish   version: '0.3.1',
18 silly publish   description: 'Home page for Brno University of Technology NUI',
18 silly publish   author: { name: 'Antonín Vaishar', email: 'vaishar@lib.vutbr.cz' },
18 silly publish   license: 'CC-BY-NC-4.0',
18 silly publish   readme: '# primo-explore-but-home-page\n\nHome page in czech and english). Includes some css stanzas but mainly html documents to be loaded into Primo NUI. To install copy the the content of `html` directory to `html` directory of the view.',
18 silly publish   readmeFilename: 'README.md',
18 silly publish   gitHead: 'b59bacc9a5b891ff0279e22cc2e23f873e64add8',
18 silly publish   _id: 'primo-explore-but-home-page@0.3.1',
18 silly publish   scripts: {},
18 silly publish   _shasum: '315d4a5cd64a140d79f6f1b02c92d3de01be442e',
18 silly publish   _from: '.' }
19 verbose getPublishConfig undefined
20 silly mapToRegistry name primo-explore-but-home-page
21 silly mapToRegistry using default registry
22 silly mapToRegistry registry https://registry.npmjs.org/
23 silly mapToRegistry uri https://registry.npmjs.org/primo-explore-but-home-page
24 verbose publish registryBase https://registry.npmjs.org/
25 silly publish uploading C:\Users\vaishar\AppData\Roaming\npm-cache\primo-explore-but-home-page\0.3.1\package.tgz
26 verbose request uri https://registry.npmjs.org/primo-explore-but-home-page
27 verbose request sending authorization for write operation
28 info attempt registry request try #1 at 15:24:48
29 verbose request using bearer token for auth
30 verbose request id 27dc41b21cb5f8f8
31 http request PUT https://registry.npmjs.org/primo-explore-but-home-page
32 http 403 https://registry.npmjs.org/primo-explore-but-home-page
33 verbose headers { date: 'Wed, 05 Sep 2018 13:22:55 GMT',
33 verbose headers   'content-type': 'application/json',
33 verbose headers   'transfer-encoding': 'chunked',
33 verbose headers   connection: 'keep-alive',
33 verbose headers   'set-cookie': [ '__cfduid=d59e8db87bdb0b3fb33cf602ba82eba7d1536153751; expires=Thu, 05-Sep-19 13:22:31 GMT; path=/; domain=.registry.npmjs.org; HttpOnly' ],
33 verbose headers   'cf-ray': '45590155eff40a96-PRG',
33 verbose headers   'expect-ct': 'max-age=604800, report-uri="https://report-uri.cloudflare.com/cdn-cgi/beacon/expect-ct"',
33 verbose headers   vary: 'Accept-Encoding',
33 verbose headers   server: 'cloudflare',
33 verbose headers   'content-encoding': 'gzip' }
34 verbose request invalidating C:\Users\vaishar\AppData\Roaming\npm-cache\registry.npmjs.org\primo-explore-but-home-page on PUT
35 error publish Failed PUT 403
36 verbose stack Error: You cannot publish over the previously published versions: 0.3.1. : primo-explore-but-home-page
36 verbose stack     at makeError (C:\Users\vaishar\AppData\Roaming\npm\node_modules\npm\node_modules\npm-registry-client\lib\request.js:264:12)
36 verbose stack     at CachingRegistryClient.<anonymous> (C:\Users\vaishar\AppData\Roaming\npm\node_modules\npm\node_modules\npm-registry-client\lib\request.js:252:14)
36 verbose stack     at C:\Users\vaishar\AppData\Roaming\npm\node_modules\npm\node_modules\npm-registry-client\lib\request.js:178:7
36 verbose stack     at Gunzip.onEnd (zlib.js:227:5)
36 verbose stack     at emitNone (events.js:91:20)
36 verbose stack     at Gunzip.emit (events.js:185:7)
36 verbose stack     at endReadableNT (_stream_readable.js:974:12)
36 verbose stack     at _combinedTickCallback (internal/process/next_tick.js:74:11)
36 verbose stack     at process._tickCallback (internal/process/next_tick.js:98:9)
37 verbose statusCode 403
38 verbose pkgid primo-explore-but-home-page
39 verbose cwd C:\Primo\primo-explore-but-home-page
40 error Windows_NT 10.0.17134
41 error argv "C:\\Primo\\nodejs\\node.exe" "C:\\Users\\vaishar\\AppData\\Roaming\\npm\\node_modules\\npm\\bin\\npm-cli.js" "publish"
42 error node v6.9.2
43 error npm  v3.3.12
44 error code E403
45 error You cannot publish over the previously published versions: 0.3.1. : primo-explore-but-home-page
46 error If you need help, you may report this error at:
46 error     <https://github.com/npm/npm/issues>
47 verbose exit [ 1, true ]
